<?xml version="1.0" encoding="UTF-8"?>
<testng-results skipped="0" failed="0" total="1" passed="1">
  <reporter-output>
  </reporter-output>
  <suite name="Default suite" duration-ms="20173" started-at="2019-11-15T10:20:41Z" finished-at="2019-11-15T10:21:01Z">
    <groups>
    </groups>
    <test name="Default test" duration-ms="20173" started-at="2019-11-15T10:20:41Z" finished-at="2019-11-15T10:21:01Z">
      <class name="com.OHRM.OrangeHRMLoginTest.OHRM_LoginTest">
        <test-method status="PASS" signature="SetUp()" name="SetUp" is-config="true" duration-ms="14512" started-at="2019-11-15T10:20:41Z" finished-at="2019-11-15T10:20:56Z">
        </test-method>
        <test-method status="PASS" signature="LogIn()" name="LogIn" duration-ms="4383" started-at="2019-11-15T10:20:56Z" finished-at="2019-11-15T10:21:00Z">
        </test-method>
        <test-method status="PASS" signature="tearDown()" name="tearDown" is-config="true" duration-ms="1258" started-at="2019-11-15T10:21:00Z" finished-at="2019-11-15T10:21:01Z">
        </test-method>
      </class>
    </test>
  </suite>
</testng-results>
